<?xml version="1.0" encoding="utf-8"?>
<shfbBuild product="Sandcastle Help File Builder and Tools" version="2015.10.10.0" projectFile="C:\Users\tk\Documents\Visual Studio 2013\Projects\OpenCvSharp 3.0\help\OpenCvSharp.shfbproj" started="2015/12/20 21:50:26">
<buildStep step="Initializing">
Finding tools...
The Sandcastle tools are located in &#39;C:\Program Files (x86)\EWSoftware\Sandcastle Help File Builder\&#39;
Searching for HTML Help 1 compiler...
Found HTML Help 1 compiler in &#39;C:\Program Files (x86)\HTML Help Workshop\&#39;
Locating components in the following folder(s):
    C:\Users\tk\Documents\Visual Studio 2013\Projects\OpenCvSharp 3.0\help
    C:\ProgramData\EWSoftware\Sandcastle Help File Builder\Components and Plug-Ins\
    C:\Program Files (x86)\EWSoftware\Sandcastle Help File Builder\
Framework reflection data location: C:\Program Files (x86)\EWSoftware\Sandcastle Help File Builder\Data\.NETFramework
Using presentation style &#39;VS2013&#39; located in &#39;C:\Program Files (x86)\EWSoftware\Sandcastle Help File Builder\PresentationStyles\VS2013&#39;
Loading and initializing plug-ins...
Lightweight Website Style Version 2015.10.10.0
Copyright &#169; 2006-2015, Eric Woodruff, All Rights Reserved
Portions Copyright &#169; 2014, Sam Harwell, All Rights Reserved
-------------------------------
Clearing any prior web/markdown output...
</buildStep>
<buildStep step="ValidatingDocumentationSources">
Validating and copying documentation source information
Source: C:\Users\tk\Documents\Visual Studio 2013\Projects\OpenCvSharp 3.0\src\OpenCvSharp\bin\Release\OpenCvSharp.dll
    Found assembly &#39;C:\Users\tk\Documents\Visual Studio 2013\Projects\OpenCvSharp 3.0\src\OpenCvSharp\bin\Release\OpenCvSharp.dll&#39;
Source: C:\Users\tk\Documents\Visual Studio 2013\Projects\OpenCvSharp 3.0\src\OpenCvSharp\bin\Release\OpenCvSharp.xml
Source: C:\Users\tk\Documents\Visual Studio 2013\Projects\OpenCvSharp 3.0\src\OpenCvSharp.Blob\bin\Release\OpenCvSharp.Blob.dll
    Found assembly &#39;C:\Users\tk\Documents\Visual Studio 2013\Projects\OpenCvSharp 3.0\src\OpenCvSharp.Blob\bin\Release\OpenCvSharp.Blob.dll&#39;
Source: C:\Users\tk\Documents\Visual Studio 2013\Projects\OpenCvSharp 3.0\src\OpenCvSharp.Blob\bin\Release\OpenCvSharp.Blob.xml
Source: C:\Users\tk\Documents\Visual Studio 2013\Projects\OpenCvSharp 3.0\src\OpenCvSharp.Extensions\bin\Release\OpenCvSharp.Extensions.dll
    Found assembly &#39;C:\Users\tk\Documents\Visual Studio 2013\Projects\OpenCvSharp 3.0\src\OpenCvSharp.Extensions\bin\Release\OpenCvSharp.Extensions.dll&#39;
Source: C:\Users\tk\Documents\Visual Studio 2013\Projects\OpenCvSharp 3.0\src\OpenCvSharp.Extensions\bin\Release\OpenCvSharp.Extensions.xml
Source: C:\Users\tk\Documents\Visual Studio 2013\Projects\OpenCvSharp 3.0\src\OpenCvSharp.UserInterface\bin\Release\OpenCvSharp.UserInterface.dll
    Found assembly &#39;C:\Users\tk\Documents\Visual Studio 2013\Projects\OpenCvSharp 3.0\src\OpenCvSharp.UserInterface\bin\Release\OpenCvSharp.UserInterface.dll&#39;
Source: C:\Users\tk\Documents\Visual Studio 2013\Projects\OpenCvSharp 3.0\src\OpenCvSharp.UserInterface\bin\Release\OpenCvSharp.UserInterface.xml

Copying XML comments files
    C:\Users\tk\Documents\Visual Studio 2013\Projects\OpenCvSharp 3.0\src\OpenCvSharp\bin\Release\OpenCvSharp.xml -&gt; C:\Users\tk\Documents\Visual Studio 2013\Projects\OpenCvSharp 3.0\help\Help\Working\OpenCvSharp.xml
    C:\Users\tk\Documents\Visual Studio 2013\Projects\OpenCvSharp 3.0\src\OpenCvSharp.Blob\bin\Release\OpenCvSharp.Blob.XML -&gt; C:\Users\tk\Documents\Visual Studio 2013\Projects\OpenCvSharp 3.0\help\Help\Working\OpenCvSharp.Blob.XML
    C:\Users\tk\Documents\Visual Studio 2013\Projects\OpenCvSharp 3.0\src\OpenCvSharp.Extensions\bin\Release\OpenCvSharp.Extensions.XML -&gt; C:\Users\tk\Documents\Visual Studio 2013\Projects\OpenCvSharp 3.0\help\Help\Working\OpenCvSharp.Extensions.XML
    C:\Users\tk\Documents\Visual Studio 2013\Projects\OpenCvSharp 3.0\src\OpenCvSharp.UserInterface\bin\Release\OpenCvSharp.UserInterface.XML -&gt; C:\Users\tk\Documents\Visual Studio 2013\Projects\OpenCvSharp 3.0\help\Help\Working\OpenCvSharp.UserInterface.XML
</buildStep>
<buildStep step="GenerateSharedContent">
Generating shared content files (en-US, 英語 (米国))...
<plugIn name="Lightweight Website Style" behavior="After" priority="1000">
</plugIn>    Last step completed in 00:00:00.0305
</buildStep>
<buildStep step="GenerateApiFilter">
Generating API filter for MRefBuilder...
    Last step completed in 00:00:00.0420
</buildStep>
<buildStep step="GenerateReflectionInfo">
Generating reflection information...
[C:\Windows\Microsoft.NET\Framework64\v4.0.30319\MSBuild.exe - GenerateRefInfo.proj]
2015/12/20 21:50:27 にビルドを開始しました。
ノード 1 上のプロジェクト &quot;C:\Users\tk\Documents\Visual Studio 2013\Projects\OpenCvSharp 3.0\help\Help\Working\GenerateRefInfo.proj&quot; (既定のターゲット)。
PrepareForBuild:
  ディレクトリ &quot;obj\Debug\&quot; を作成しています。
GenerateRefInfo:
  MRefBuilder (v2015.10.10.0)
  Copyright c 2006-2015, Microsoft Corporation, All Rights Reserved.
  Portions Copyright c 2006-2015, Eric Woodruff, All Rights Reserved.
  Loaded 4 assemblies for reflection and 1 dependency assemblies.
  Wrote information on 11 namespaces, 411 types, and 7038 members
  &quot;reflection.org&quot; から &quot;reflection.all&quot; へファイルをコピーしています。
  XslTransform (v2015.10.10.0)
  Copyright c 2006-2015, Microsoft Corporation, All Rights Reserved.
  Portions Copyright c 2006-2015, Eric Woodruff, All Rights Reserved.
  Applying XSL transformation &#39;C:\Program Files (x86)\EWSoftware\Sandcastle Help File Builder\ProductionTransforms\MergeDuplicates.xsl&#39;.
プロジェクト &quot;C:\Users\tk\Documents\Visual Studio 2013\Projects\OpenCvSharp 3.0\help\Help\Working\GenerateRefInfo.proj&quot; (既定のターゲット) のビルドが完了しました。

ビルドに成功しました。

経過時間 00:00:02.67
    Last step completed in 00:00:03.0574
</buildStep>
<buildStep step="TransformReflectionInfo">
Transforming reflection output...
[C:\Windows\Microsoft.NET\Framework64\v4.0.30319\MSBuild.exe - TransformManifest.proj]
2015/12/20 21:50:30 にビルドを開始しました。
ノード 1 上のプロジェクト &quot;C:\Users\tk\Documents\Visual Studio 2013\Projects\OpenCvSharp 3.0\help\Help\Working\TransformManifest.proj&quot; (既定のターゲット)。
TransformManifest:
  XslTransform (v2015.10.10.0)
  Copyright c 2006-2015, Microsoft Corporation, All Rights Reserved.
  Portions Copyright c 2006-2015, Eric Woodruff, All Rights Reserved.
  Applying XSL transformation &#39;C:\Program Files (x86)\EWSoftware\Sandcastle Help File Builder\ProductionTransforms\ApplyVSDocModel.xsl&#39;.
  &quot;reflection.xml&quot; から &quot;reflection.nofilenames&quot; へファイルをコピーしています。
  XslTransform (v2015.10.10.0)
  Copyright c 2006-2015, Microsoft Corporation, All Rights Reserved.
  Portions Copyright c 2006-2015, Eric Woodruff, All Rights Reserved.
  Applying XSL transformation &#39;C:\Program Files (x86)\EWSoftware\Sandcastle Help File Builder\ProductionTransforms\AddFilenames.xsl&#39;.
  XslTransform (v2015.10.10.0)
  Copyright c 2006-2015, Microsoft Corporation, All Rights Reserved.
  Portions Copyright c 2006-2015, Eric Woodruff, All Rights Reserved.
  Applying XSL transformation &#39;C:\Program Files (x86)\EWSoftware\Sandcastle Help File Builder\ProductionTransforms\ReflectionToManifest.xsl&#39;.
プロジェクト &quot;C:\Users\tk\Documents\Visual Studio 2013\Projects\OpenCvSharp 3.0\help\Help\Working\TransformManifest.proj&quot; (既定のターゲット) のビルドが完了しました。

ビルドに成功しました。

経過時間 00:01:16.46
    Last step completed in 00:01:16.7536
</buildStep>
<buildStep step="GenerateNamespaceSummaries">
Generating namespace summary information...
    Last step completed in 00:00:00.3197
</buildStep>
<buildStep step="CopyAdditionalContent">
Copying additional content files...
No additional content to copy
    Last step completed in 00:00:00.0000
</buildStep>
<buildStep step="MergeTablesOfContents">
Merging conceptual and additional tables of contents...
    Last step completed in 00:00:00.0000
</buildStep>
<buildStep step="GenerateIntermediateTableOfContents">
Generating intermediate table of contents file...
[C:\Windows\Microsoft.NET\Framework64\v4.0.30319\MSBuild.exe - GenerateIntermediateTOC.proj]
2015/12/20 21:51:47 にビルドを開始しました。
ノード 1 上のプロジェクト &quot;C:\Users\tk\Documents\Visual Studio 2013\Projects\OpenCvSharp 3.0\help\Help\Working\GenerateIntermediateTOC.proj&quot; (既定のターゲット)。
GenerateIntermediateTOC:
  XslTransform (v2015.10.10.0)
  Copyright c 2006-2015, Microsoft Corporation, All Rights Reserved.
  Portions Copyright c 2006-2015, Eric Woodruff, All Rights Reserved.
  Applying XSL transformation &#39;C:\Program Files (x86)\EWSoftware\Sandcastle Help File Builder\ProductionTransforms\CreateVSToc.xsl&#39;.
プロジェクト &quot;C:\Users\tk\Documents\Visual Studio 2013\Projects\OpenCvSharp 3.0\help\Help\Working\GenerateIntermediateTOC.proj&quot; (既定のターゲット) のビルドが完了しました。

ビルドに成功しました。

経過時間 00:00:01.07
Generating conceptual content intermediate TOC file...
    Last step completed in 00:00:01.3973
</buildStep>
<buildStep step="CreateBuildAssemblerConfigs">
Creating Sandcastle configuration files...
    sandcastle.config
    Last step completed in 00:00:00.6533
</buildStep>
<buildStep step="MergeCustomConfigs">
Merging custom build component configurations
C:\Users\tk\Documents\Visual Studio 2013\Projects\OpenCvSharp 3.0\help\Help\Working\sandcastle.config
    Last step completed in 00:00:00.0188
</buildStep>
<buildStep step="BuildReferenceTopics">
Building reference help topics...
[C:\Windows\Microsoft.NET\Framework64\v4.0.30319\MSBuild.exe - BuildReferenceTopics.proj]
2015/12/20 21:51:49 にビルドを開始しました。
ノード 1 上のプロジェクト &quot;C:\Users\tk\Documents\Visual Studio 2013\Projects\OpenCvSharp 3.0\help\Help\Working\BuildReferenceTopics.proj&quot; (既定のターゲット)。
BuildReferenceTopics:
  BuildAssembler (v2015.10.10.0)
  Copyright c 2006-2015, Microsoft Corporation, All Rights Reserved.
  Portions Copyright c 2006-2015, Eric Woodruff, All Rights Reserved.
  Loading configuration...
  ResolveReferenceLinksComponent: The MSDN content ID cache &#39;C:\Users\tk\AppData\Local\EWSoftware\Sandcastle Help File Builder\Cache\MsdnContentId.cache&#39; does not exist yet.  All IDs will be looked up in this build which will slow it down.
  Processing topics...
  Processed 7865 topic(s)
  CopyFromIndexComponent: &quot;reflection&quot; in-memory cache entries used: 13 of 15.
  CopyFromIndexComponent: &quot;comments&quot; in-memory cache entries used: 8 of 30.
  ResolveReferenceLinksComponent: New MSDN content ID cache size: 800 entries
プロジェクト &quot;C:\Users\tk\Documents\Visual Studio 2013\Projects\OpenCvSharp 3.0\help\Help\Working\BuildReferenceTopics.proj&quot; (既定のターゲット) のビルドが完了しました。

ビルドに成功しました。

経過時間 00:10:56.72
    Last step completed in 00:10:57.1092
</buildStep>
<buildStep step="CombiningIntermediateTocFiles">
Combining conceptual and API intermediate TOC files...
    Last step completed in 00:00:00.0515
</buildStep>
<buildStep step="ExtractingHtmlInfo">
Extracting HTML info for HTML Help 1 and/or website...
[C:\Windows\Microsoft.NET\Framework64\v4.0.30319\MSBuild.exe - ExtractHtmlInfo.proj]
Sandcastle Help File Builder and Tools, version 2015.10.10.0
Copyright c 2006-2015, Eric Woodruff, All Rights Reserved
E-Mail: Eric@EWoodruff.us

Using LCID &#39;1033&#39;, code page &#39;65001&#39;, encoding charset &#39;UTF-8&#39;.

Processing Help 1 files in C:\Users\tk\Documents\Visual Studio 2013\Projects\OpenCvSharp 3.0\help\Help\Working\Output\HtmlHelp1
Processed 7865 HTML files
Sorting keywords and generating See Also indices
Saving HTML Help 1 keyword index to C:\Users\tk\Documents\Visual Studio 2013\Projects\OpenCvSharp 3.0\help\Help\Working\Documentation.hhk
Saving HTML Help 1 table of contents to C:\Users\tk\Documents\Visual Studio 2013\Projects\OpenCvSharp 3.0\help\Help\Working\Documentation.hhc

Processing website files in C:\Users\tk\Documents\Visual Studio 2013\Projects\OpenCvSharp 3.0\help\Help\Working\Output\Website
Processed 7865 HTML files
Sorting keywords and generating See Also indices
Saving website keyword index to C:\Users\tk\Documents\Visual Studio 2013\Projects\OpenCvSharp 3.0\help\Help\Working\WebKI.xml
Saving website table of contents to C:\Users\tk\Documents\Visual Studio 2013\Projects\OpenCvSharp 3.0\help\Help\Working\WebTOC.xml
    Last step completed in 00:00:45.9592
</buildStep>
<buildStep step="CopyStandardHelpContent">
Copying standard help content...
C:\Program Files (x86)\EWSoftware\Sandcastle Help File Builder\PresentationStyles\VS2013\icons\AlertCaution.png -&gt; C:\Users\tk\Documents\Visual Studio 2013\Projects\OpenCvSharp 3.0\help\Help\Working\Output\HtmlHelp1\icons\AlertCaution.png
C:\Program Files (x86)\EWSoftware\Sandcastle Help File Builder\PresentationStyles\VS2013\icons\AlertNote.png -&gt; C:\Users\tk\Documents\Visual Studio 2013\Projects\OpenCvSharp 3.0\help\Help\Working\Output\HtmlHelp1\icons\AlertNote.png
C:\Program Files (x86)\EWSoftware\Sandcastle Help File Builder\PresentationStyles\VS2013\icons\AlertSecurity.png -&gt; C:\Users\tk\Documents\Visual Studio 2013\Projects\OpenCvSharp 3.0\help\Help\Working\Output\HtmlHelp1\icons\AlertSecurity.png
C:\Program Files (x86)\EWSoftware\Sandcastle Help File Builder\PresentationStyles\VS2013\icons\CFW.gif -&gt; C:\Users\tk\Documents\Visual Studio 2013\Projects\OpenCvSharp 3.0\help\Help\Working\Output\HtmlHelp1\icons\CFW.gif
C:\Program Files (x86)\EWSoftware\Sandcastle Help File Builder\PresentationStyles\VS2013\icons\CodeExample.png -&gt; C:\Users\tk\Documents\Visual Studio 2013\Projects\OpenCvSharp 3.0\help\Help\Working\Output\HtmlHelp1\icons\CodeExample.png
C:\Program Files (x86)\EWSoftware\Sandcastle Help File Builder\PresentationStyles\VS2013\icons\favicon.ico -&gt; C:\Users\tk\Documents\Visual Studio 2013\Projects\OpenCvSharp 3.0\help\Help\Working\Output\HtmlHelp1\icons\favicon.ico
C:\Program Files (x86)\EWSoftware\Sandcastle Help File Builder\PresentationStyles\VS2013\icons\privclass.gif -&gt; C:\Users\tk\Documents\Visual Studio 2013\Projects\OpenCvSharp 3.0\help\Help\Working\Output\HtmlHelp1\icons\privclass.gif
C:\Program Files (x86)\EWSoftware\Sandcastle Help File Builder\PresentationStyles\VS2013\icons\privdelegate.gif -&gt; C:\Users\tk\Documents\Visual Studio 2013\Projects\OpenCvSharp 3.0\help\Help\Working\Output\HtmlHelp1\icons\privdelegate.gif
C:\Program Files (x86)\EWSoftware\Sandcastle Help File Builder\PresentationStyles\VS2013\icons\privenumeration.gif -&gt; C:\Users\tk\Documents\Visual Studio 2013\Projects\OpenCvSharp 3.0\help\Help\Working\Output\HtmlHelp1\icons\privenumeration.gif
C:\Program Files (x86)\EWSoftware\Sandcastle Help File Builder\PresentationStyles\VS2013\icons\privevent.gif -&gt; C:\Users\tk\Documents\Visual Studio 2013\Projects\OpenCvSharp 3.0\help\Help\Working\Output\HtmlHelp1\icons\privevent.gif
C:\Program Files (x86)\EWSoftware\Sandcastle Help File Builder\PresentationStyles\VS2013\icons\privextension.gif -&gt; C:\Users\tk\Documents\Visual Studio 2013\Projects\OpenCvSharp 3.0\help\Help\Working\Output\HtmlHelp1\icons\privextension.gif
C:\Program Files (x86)\EWSoftware\Sandcastle Help File Builder\PresentationStyles\VS2013\icons\privfield.gif -&gt; C:\Users\tk\Documents\Visual Studio 2013\Projects\OpenCvSharp 3.0\help\Help\Working\Output\HtmlHelp1\icons\privfield.gif
C:\Program Files (x86)\EWSoftware\Sandcastle Help File Builder\PresentationStyles\VS2013\icons\privinterface.gif -&gt; C:\Users\tk\Documents\Visual Studio 2013\Projects\OpenCvSharp 3.0\help\Help\Working\Output\HtmlHelp1\icons\privinterface.gif
C:\Program Files (x86)\EWSoftware\Sandcastle Help File Builder\PresentationStyles\VS2013\icons\privmethod.gif -&gt; C:\Users\tk\Documents\Visual Studio 2013\Projects\OpenCvSharp 3.0\help\Help\Working\Output\HtmlHelp1\icons\privmethod.gif
C:\Program Files (x86)\EWSoftware\Sandcastle Help File Builder\PresentationStyles\VS2013\icons\privproperty.gif -&gt; C:\Users\tk\Documents\Visual Studio 2013\Projects\OpenCvSharp 3.0\help\Help\Working\Output\HtmlHelp1\icons\privproperty.gif
C:\Program Files (x86)\EWSoftware\Sandcastle Help File Builder\PresentationStyles\VS2013\icons\privstructure.gif -&gt; C:\Users\tk\Documents\Visual Studio 2013\Projects\OpenCvSharp 3.0\help\Help\Working\Output\HtmlHelp1\icons\privstructure.gif
C:\Program Files (x86)\EWSoftware\Sandcastle Help File Builder\PresentationStyles\VS2013\icons\protclass.gif -&gt; C:\Users\tk\Documents\Visual Studio 2013\Projects\OpenCvSharp 3.0\help\Help\Working\Output\HtmlHelp1\icons\protclass.gif
C:\Program Files (x86)\EWSoftware\Sandcastle Help File Builder\PresentationStyles\VS2013\icons\protdelegate.gif -&gt; C:\Users\tk\Documents\Visual Studio 2013\Projects\OpenCvSharp 3.0\help\Help\Working\Output\HtmlHelp1\icons\protdelegate.gif
C:\Program Files (x86)\EWSoftware\Sandcastle Help File Builder\PresentationStyles\VS2013\icons\protenumeration.gif -&gt; C:\Users\tk\Documents\Visual Studio 2013\Projects\OpenCvSharp 3.0\help\Help\Working\Output\HtmlHelp1\icons\protenumeration.gif
C:\Program Files (x86)\EWSoftware\Sandcastle Help File Builder\PresentationStyles\VS2013\icons\protevent.gif -&gt; C:\Users\tk\Documents\Visual Studio 2013\Projects\OpenCvSharp 3.0\help\Help\Working\Output\HtmlHelp1\icons\protevent.gif
C:\Program Files (x86)\EWSoftware\Sandcastle Help File Builder\PresentationStyles\VS2013\icons\protextension.gif -&gt; C:\Users\tk\Documents\Visual Studio 2013\Projects\OpenCvSharp 3.0\help\Help\Working\Output\HtmlHelp1\icons\protextension.gif
C:\Program Files (x86)\EWSoftware\Sandcastle Help File Builder\PresentationStyles\VS2013\icons\protfield.gif -&gt; C:\Users\tk\Documents\Visual Studio 2013\Projects\OpenCvSharp 3.0\help\Help\Working\Output\HtmlHelp1\icons\protfield.gif
C:\Program Files (x86)\EWSoftware\Sandcastle Help File Builder\PresentationStyles\VS2013\icons\protinterface.gif -&gt; C:\Users\tk\Documents\Visual Studio 2013\Projects\OpenCvSharp 3.0\help\Help\Working\Output\HtmlHelp1\icons\protinterface.gif
C:\Program Files (x86)\EWSoftware\Sandcastle Help File Builder\PresentationStyles\VS2013\icons\protmethod.gif -&gt; C:\Users\tk\Documents\Visual Studio 2013\Projects\OpenCvSharp 3.0\help\Help\Working\Output\HtmlHelp1\icons\protmethod.gif
C:\Program Files (x86)\EWSoftware\Sandcastle Help File Builder\PresentationStyles\VS2013\icons\protoperator.gif -&gt; C:\Users\tk\Documents\Visual Studio 2013\Projects\OpenCvSharp 3.0\help\Help\Working\Output\HtmlHelp1\icons\protoperator.gif
C:\Program Files (x86)\EWSoftware\Sandcastle Help File Builder\PresentationStyles\VS2013\icons\protproperty.gif -&gt; C:\Users\tk\Documents\Visual Studio 2013\Projects\OpenCvSharp 3.0\help\Help\Working\Output\HtmlHelp1\icons\protproperty.gif
C:\Program Files (x86)\EWSoftware\Sandcastle Help File Builder\PresentationStyles\VS2013\icons\protstructure.gif -&gt; C:\Users\tk\Documents\Visual Studio 2013\Projects\OpenCvSharp 3.0\help\Help\Working\Output\HtmlHelp1\icons\protstructure.gif
C:\Program Files (x86)\EWSoftware\Sandcastle Help File Builder\PresentationStyles\VS2013\icons\pubclass.gif -&gt; C:\Users\tk\Documents\Visual Studio 2013\Projects\OpenCvSharp 3.0\help\Help\Working\Output\HtmlHelp1\icons\pubclass.gif
C:\Program Files (x86)\EWSoftware\Sandcastle Help File Builder\PresentationStyles\VS2013\icons\pubdelegate.gif -&gt; C:\Users\tk\Documents\Visual Studio 2013\Projects\OpenCvSharp 3.0\help\Help\Working\Output\HtmlHelp1\icons\pubdelegate.gif
C:\Program Files (x86)\EWSoftware\Sandcastle Help File Builder\PresentationStyles\VS2013\icons\pubenumeration.gif -&gt; C:\Users\tk\Documents\Visual Studio 2013\Projects\OpenCvSharp 3.0\help\Help\Working\Output\HtmlHelp1\icons\pubenumeration.gif
C:\Program Files (x86)\EWSoftware\Sandcastle Help File Builder\PresentationStyles\VS2013\icons\pubevent.gif -&gt; C:\Users\tk\Documents\Visual Studio 2013\Projects\OpenCvSharp 3.0\help\Help\Working\Output\HtmlHelp1\icons\pubevent.gif
C:\Program Files (x86)\EWSoftware\Sandcastle Help File Builder\PresentationStyles\VS2013\icons\pubextension.gif -&gt; C:\Users\tk\Documents\Visual Studio 2013\Projects\OpenCvSharp 3.0\help\Help\Working\Output\HtmlHelp1\icons\pubextension.gif
C:\Program Files (x86)\EWSoftware\Sandcastle Help File Builder\PresentationStyles\VS2013\icons\pubfield.gif -&gt; C:\Users\tk\Documents\Visual Studio 2013\Projects\OpenCvSharp 3.0\help\Help\Working\Output\HtmlHelp1\icons\pubfield.gif
C:\Program Files (x86)\EWSoftware\Sandcastle Help File Builder\PresentationStyles\VS2013\icons\pubinterface.gif -&gt; C:\Users\tk\Documents\Visual Studio 2013\Projects\OpenCvSharp 3.0\help\Help\Working\Output\HtmlHelp1\icons\pubinterface.gif
C:\Program Files (x86)\EWSoftware\Sandcastle Help File Builder\PresentationStyles\VS2013\icons\pubmethod.gif -&gt; C:\Users\tk\Documents\Visual Studio 2013\Projects\OpenCvSharp 3.0\help\Help\Working\Output\HtmlHelp1\icons\pubmethod.gif
C:\Program Files (x86)\EWSoftware\Sandcastle Help File Builder\PresentationStyles\VS2013\icons\puboperator.gif -&gt; C:\Users\tk\Documents\Visual Studio 2013\Projects\OpenCvSharp 3.0\help\Help\Working\Output\HtmlHelp1\icons\puboperator.gif
C:\Program Files (x86)\EWSoftware\Sandcastle Help File Builder\PresentationStyles\VS2013\icons\pubproperty.gif -&gt; C:\Users\tk\Documents\Visual Studio 2013\Projects\OpenCvSharp 3.0\help\Help\Working\Output\HtmlHelp1\icons\pubproperty.gif
C:\Program Files (x86)\EWSoftware\Sandcastle Help File Builder\PresentationStyles\VS2013\icons\pubstructure.gif -&gt; C:\Users\tk\Documents\Visual Studio 2013\Projects\OpenCvSharp 3.0\help\Help\Working\Output\HtmlHelp1\icons\pubstructure.gif
C:\Program Files (x86)\EWSoftware\Sandcastle Help File Builder\PresentationStyles\VS2013\icons\SectionCollapsed.png -&gt; C:\Users\tk\Documents\Visual Studio 2013\Projects\OpenCvSharp 3.0\help\Help\Working\Output\HtmlHelp1\icons\SectionCollapsed.png
C:\Program Files (x86)\EWSoftware\Sandcastle Help File Builder\PresentationStyles\VS2013\icons\SectionExpanded.png -&gt; C:\Users\tk\Documents\Visual Studio 2013\Projects\OpenCvSharp 3.0\help\Help\Working\Output\HtmlHelp1\icons\SectionExpanded.png
C:\Program Files (x86)\EWSoftware\Sandcastle Help File Builder\PresentationStyles\VS2013\icons\slMobile.gif -&gt; C:\Users\tk\Documents\Visual Studio 2013\Projects\OpenCvSharp 3.0\help\Help\Working\Output\HtmlHelp1\icons\slMobile.gif
C:\Program Files (x86)\EWSoftware\Sandcastle Help File Builder\PresentationStyles\VS2013\icons\static.gif -&gt; C:\Users\tk\Documents\Visual Studio 2013\Projects\OpenCvSharp 3.0\help\Help\Working\Output\HtmlHelp1\icons\static.gif
C:\Program Files (x86)\EWSoftware\Sandcastle Help File Builder\PresentationStyles\VS2013\icons\xna.gif -&gt; C:\Users\tk\Documents\Visual Studio 2013\Projects\OpenCvSharp 3.0\help\Help\Working\Output\HtmlHelp1\icons\xna.gif
C:\Program Files (x86)\EWSoftware\Sandcastle Help File Builder\PresentationStyles\VS2013\scripts\branding.js -&gt; C:\Users\tk\Documents\Visual Studio 2013\Projects\OpenCvSharp 3.0\help\Help\Working\Output\HtmlHelp1\scripts\branding.js
C:\Program Files (x86)\EWSoftware\Sandcastle Help File Builder\PresentationStyles\VS2013\styles\branding-cs-CZ.css -&gt; C:\Users\tk\Documents\Visual Studio 2013\Projects\OpenCvSharp 3.0\help\Help\Working\Output\HtmlHelp1\styles\branding-cs-CZ.css
C:\Program Files (x86)\EWSoftware\Sandcastle Help File Builder\PresentationStyles\VS2013\styles\branding-de-DE.css -&gt; C:\Users\tk\Documents\Visual Studio 2013\Projects\OpenCvSharp 3.0\help\Help\Working\Output\HtmlHelp1\styles\branding-de-DE.css
C:\Program Files (x86)\EWSoftware\Sandcastle Help File Builder\PresentationStyles\VS2013\styles\branding-en-US.css -&gt; C:\Users\tk\Documents\Visual Studio 2013\Projects\OpenCvSharp 3.0\help\Help\Working\Output\HtmlHelp1\styles\branding-en-US.css
C:\Program Files (x86)\EWSoftware\Sandcastle Help File Builder\PresentationStyles\VS2013\styles\branding-es-ES.css -&gt; C:\Users\tk\Documents\Visual Studio 2013\Projects\OpenCvSharp 3.0\help\Help\Working\Output\HtmlHelp1\styles\branding-es-ES.css
C:\Program Files (x86)\EWSoftware\Sandcastle Help File Builder\PresentationStyles\VS2013\styles\branding-fr-FR.css -&gt; C:\Users\tk\Documents\Visual Studio 2013\Projects\OpenCvSharp 3.0\help\Help\Working\Output\HtmlHelp1\styles\branding-fr-FR.css
C:\Program Files (x86)\EWSoftware\Sandcastle Help File Builder\PresentationStyles\VS2013\styles\branding-Help1.css -&gt; C:\Users\tk\Documents\Visual Studio 2013\Projects\OpenCvSharp 3.0\help\Help\Working\Output\HtmlHelp1\styles\branding-Help1.css
C:\Program Files (x86)\EWSoftware\Sandcastle Help File Builder\PresentationStyles\VS2013\styles\branding-HelpViewer.css -&gt; C:\Users\tk\Documents\Visual Studio 2013\Projects\OpenCvSharp 3.0\help\Help\Working\Output\HtmlHelp1\styles\branding-HelpViewer.css
C:\Program Files (x86)\EWSoftware\Sandcastle Help File Builder\PresentationStyles\VS2013\styles\branding-it-IT.css -&gt; C:\Users\tk\Documents\Visual Studio 2013\Projects\OpenCvSharp 3.0\help\Help\Working\Output\HtmlHelp1\styles\branding-it-IT.css
C:\Program Files (x86)\EWSoftware\Sandcastle Help File Builder\PresentationStyles\VS2013\styles\branding-ja-JP.css -&gt; C:\Users\tk\Documents\Visual Studio 2013\Projects\OpenCvSharp 3.0\help\Help\Working\Output\HtmlHelp1\styles\branding-ja-JP.css
C:\Program Files (x86)\EWSoftware\Sandcastle Help File Builder\PresentationStyles\VS2013\styles\branding-ko-KR.css -&gt; C:\Users\tk\Documents\Visual Studio 2013\Projects\OpenCvSharp 3.0\help\Help\Working\Output\HtmlHelp1\styles\branding-ko-KR.css
C:\Program Files (x86)\EWSoftware\Sandcastle Help File Builder\PresentationStyles\VS2013\styles\branding-pl-PL.css -&gt; C:\Users\tk\Documents\Visual Studio 2013\Projects\OpenCvSharp 3.0\help\Help\Working\Output\HtmlHelp1\styles\branding-pl-PL.css
C:\Program Files (x86)\EWSoftware\Sandcastle Help File Builder\PresentationStyles\VS2013\styles\branding-pt-BR.css -&gt; C:\Users\tk\Documents\Visual Studio 2013\Projects\OpenCvSharp 3.0\help\Help\Working\Output\HtmlHelp1\styles\branding-pt-BR.css
C:\Program Files (x86)\EWSoftware\Sandcastle Help File Builder\PresentationStyles\VS2013\styles\branding-ru-RU.css -&gt; C:\Users\tk\Documents\Visual Studio 2013\Projects\OpenCvSharp 3.0\help\Help\Working\Output\HtmlHelp1\styles\branding-ru-RU.css
C:\Program Files (x86)\EWSoftware\Sandcastle Help File Builder\PresentationStyles\VS2013\styles\branding-tr-TR.css -&gt; C:\Users\tk\Documents\Visual Studio 2013\Projects\OpenCvSharp 3.0\help\Help\Working\Output\HtmlHelp1\styles\branding-tr-TR.css
C:\Program Files (x86)\EWSoftware\Sandcastle Help File Builder\PresentationStyles\VS2013\styles\branding-Website.css -&gt; C:\Users\tk\Documents\Visual Studio 2013\Projects\OpenCvSharp 3.0\help\Help\Working\Output\HtmlHelp1\styles\branding-Website.css
C:\Program Files (x86)\EWSoftware\Sandcastle Help File Builder\PresentationStyles\VS2013\styles\branding-zh-CN.css -&gt; C:\Users\tk\Documents\Visual Studio 2013\Projects\OpenCvSharp 3.0\help\Help\Working\Output\HtmlHelp1\styles\branding-zh-CN.css
C:\Program Files (x86)\EWSoftware\Sandcastle Help File Builder\PresentationStyles\VS2013\styles\branding-zh-TW.css -&gt; C:\Users\tk\Documents\Visual Studio 2013\Projects\OpenCvSharp 3.0\help\Help\Working\Output\HtmlHelp1\styles\branding-zh-TW.css
C:\Program Files (x86)\EWSoftware\Sandcastle Help File Builder\PresentationStyles\VS2013\styles\branding.css -&gt; C:\Users\tk\Documents\Visual Studio 2013\Projects\OpenCvSharp 3.0\help\Help\Working\Output\HtmlHelp1\styles\branding.css
C:\Program Files (x86)\EWSoftware\Sandcastle Help File Builder\PresentationStyles\VS2013\icons\AlertCaution.png -&gt; C:\Users\tk\Documents\Visual Studio 2013\Projects\OpenCvSharp 3.0\help\Help\Working\Output\Website\icons\AlertCaution.png
C:\Program Files (x86)\EWSoftware\Sandcastle Help File Builder\PresentationStyles\VS2013\icons\AlertNote.png -&gt; C:\Users\tk\Documents\Visual Studio 2013\Projects\OpenCvSharp 3.0\help\Help\Working\Output\Website\icons\AlertNote.png
C:\Program Files (x86)\EWSoftware\Sandcastle Help File Builder\PresentationStyles\VS2013\icons\AlertSecurity.png -&gt; C:\Users\tk\Documents\Visual Studio 2013\Projects\OpenCvSharp 3.0\help\Help\Working\Output\Website\icons\AlertSecurity.png
C:\Program Files (x86)\EWSoftware\Sandcastle Help File Builder\PresentationStyles\VS2013\icons\CFW.gif -&gt; C:\Users\tk\Documents\Visual Studio 2013\Projects\OpenCvSharp 3.0\help\Help\Working\Output\Website\icons\CFW.gif
C:\Program Files (x86)\EWSoftware\Sandcastle Help File Builder\PresentationStyles\VS2013\icons\CodeExample.png -&gt; C:\Users\tk\Documents\Visual Studio 2013\Projects\OpenCvSharp 3.0\help\Help\Working\Output\Website\icons\CodeExample.png
C:\Program Files (x86)\EWSoftware\Sandcastle Help File Builder\PresentationStyles\VS2013\icons\favicon.ico -&gt; C:\Users\tk\Documents\Visual Studio 2013\Projects\OpenCvSharp 3.0\help\Help\Working\Output\Website\icons\favicon.ico
C:\Program Files (x86)\EWSoftware\Sandcastle Help File Builder\PresentationStyles\VS2013\icons\privclass.gif -&gt; C:\Users\tk\Documents\Visual Studio 2013\Projects\OpenCvSharp 3.0\help\Help\Working\Output\Website\icons\privclass.gif
C:\Program Files (x86)\EWSoftware\Sandcastle Help File Builder\PresentationStyles\VS2013\icons\privdelegate.gif -&gt; C:\Users\tk\Documents\Visual Studio 2013\Projects\OpenCvSharp 3.0\help\Help\Working\Output\Website\icons\privdelegate.gif
C:\Program Files (x86)\EWSoftware\Sandcastle Help File Builder\PresentationStyles\VS2013\icons\privenumeration.gif -&gt; C:\Users\tk\Documents\Visual Studio 2013\Projects\OpenCvSharp 3.0\help\Help\Working\Output\Website\icons\privenumeration.gif
C:\Program Files (x86)\EWSoftware\Sandcastle Help File Builder\PresentationStyles\VS2013\icons\privevent.gif -&gt; C:\Users\tk\Documents\Visual Studio 2013\Projects\OpenCvSharp 3.0\help\Help\Working\Output\Website\icons\privevent.gif
C:\Program Files (x86)\EWSoftware\Sandcastle Help File Builder\PresentationStyles\VS2013\icons\privextension.gif -&gt; C:\Users\tk\Documents\Visual Studio 2013\Projects\OpenCvSharp 3.0\help\Help\Working\Output\Website\icons\privextension.gif
C:\Program Files (x86)\EWSoftware\Sandcastle Help File Builder\PresentationStyles\VS2013\icons\privfield.gif -&gt; C:\Users\tk\Documents\Visual Studio 2013\Projects\OpenCvSharp 3.0\help\Help\Working\Output\Website\icons\privfield.gif
C:\Program Files (x86)\EWSoftware\Sandcastle Help File Builder\PresentationStyles\VS2013\icons\privinterface.gif -&gt; C:\Users\tk\Documents\Visual Studio 2013\Projects\OpenCvSharp 3.0\help\Help\Working\Output\Website\icons\privinterface.gif
C:\Program Files (x86)\EWSoftware\Sandcastle Help File Builder\PresentationStyles\VS2013\icons\privmethod.gif -&gt; C:\Users\tk\Documents\Visual Studio 2013\Projects\OpenCvSharp 3.0\help\Help\Working\Output\Website\icons\privmethod.gif
C:\Program Files (x86)\EWSoftware\Sandcastle Help File Builder\PresentationStyles\VS2013\icons\privproperty.gif -&gt; C:\Users\tk\Documents\Visual Studio 2013\Projects\OpenCvSharp 3.0\help\Help\Working\Output\Website\icons\privproperty.gif
C:\Program Files (x86)\EWSoftware\Sandcastle Help File Builder\PresentationStyles\VS2013\icons\privstructure.gif -&gt; C:\Users\tk\Documents\Visual Studio 2013\Projects\OpenCvSharp 3.0\help\Help\Working\Output\Website\icons\privstructure.gif
C:\Program Files (x86)\EWSoftware\Sandcastle Help File Builder\PresentationStyles\VS2013\icons\protclass.gif -&gt; C:\Users\tk\Documents\Visual Studio 2013\Projects\OpenCvSharp 3.0\help\Help\Working\Output\Website\icons\protclass.gif
C:\Program Files (x86)\EWSoftware\Sandcastle Help File Builder\PresentationStyles\VS2013\icons\protdelegate.gif -&gt; C:\Users\tk\Documents\Visual Studio 2013\Projects\OpenCvSharp 3.0\help\Help\Working\Output\Website\icons\protdelegate.gif
C:\Program Files (x86)\EWSoftware\Sandcastle Help File Builder\PresentationStyles\VS2013\icons\protenumeration.gif -&gt; C:\Users\tk\Documents\Visual Studio 2013\Projects\OpenCvSharp 3.0\help\Help\Working\Output\Website\icons\protenumeration.gif
C:\Program Files (x86)\EWSoftware\Sandcastle Help File Builder\PresentationStyles\VS2013\icons\protevent.gif -&gt; C:\Users\tk\Documents\Visual Studio 2013\Projects\OpenCvSharp 3.0\help\Help\Working\Output\Website\icons\protevent.gif
C:\Program Files (x86)\EWSoftware\Sandcastle Help File Builder\PresentationStyles\VS2013\icons\protextension.gif -&gt; C:\Users\tk\Documents\Visual Studio 2013\Projects\OpenCvSharp 3.0\help\Help\Working\Output\Website\icons\protextension.gif
C:\Program Files (x86)\EWSoftware\Sandcastle Help File Builder\PresentationStyles\VS2013\icons\protfield.gif -&gt; C:\Users\tk\Documents\Visual Studio 2013\Projects\OpenCvSharp 3.0\help\Help\Working\Output\Website\icons\protfield.gif
C:\Program Files (x86)\EWSoftware\Sandcastle Help File Builder\PresentationStyles\VS2013\icons\protinterface.gif -&gt; C:\Users\tk\Documents\Visual Studio 2013\Projects\OpenCvSharp 3.0\help\Help\Working\Output\Website\icons\protinterface.gif
C:\Program Files (x86)\EWSoftware\Sandcastle Help File Builder\PresentationStyles\VS2013\icons\protmethod.gif -&gt; C:\Users\tk\Documents\Visual Studio 2013\Projects\OpenCvSharp 3.0\help\Help\Working\Output\Website\icons\protmethod.gif
C:\Program Files (x86)\EWSoftware\Sandcastle Help File Builder\PresentationStyles\VS2013\icons\protoperator.gif -&gt; C:\Users\tk\Documents\Visual Studio 2013\Projects\OpenCvSharp 3.0\help\Help\Working\Output\Website\icons\protoperator.gif
C:\Program Files (x86)\EWSoftware\Sandcastle Help File Builder\PresentationStyles\VS2013\icons\protproperty.gif -&gt; C:\Users\tk\Documents\Visual Studio 2013\Projects\OpenCvSharp 3.0\help\Help\Working\Output\Website\icons\protproperty.gif
C:\Program Files (x86)\EWSoftware\Sandcastle Help File Builder\PresentationStyles\VS2013\icons\protstructure.gif -&gt; C:\Users\tk\Documents\Visual Studio 2013\Projects\OpenCvSharp 3.0\help\Help\Working\Output\Website\icons\protstructure.gif
C:\Program Files (x86)\EWSoftware\Sandcastle Help File Builder\PresentationStyles\VS2013\icons\pubclass.gif -&gt; C:\Users\tk\Documents\Visual Studio 2013\Projects\OpenCvSharp 3.0\help\Help\Working\Output\Website\icons\pubclass.gif
C:\Program Files (x86)\EWSoftware\Sandcastle Help File Builder\PresentationStyles\VS2013\icons\pubdelegate.gif -&gt; C:\Users\tk\Documents\Visual Studio 2013\Projects\OpenCvSharp 3.0\help\Help\Working\Output\Website\icons\pubdelegate.gif
C:\Program Files (x86)\EWSoftware\Sandcastle Help File Builder\PresentationStyles\VS2013\icons\pubenumeration.gif -&gt; C:\Users\tk\Documents\Visual Studio 2013\Projects\OpenCvSharp 3.0\help\Help\Working\Output\Website\icons\pubenumeration.gif
C:\Program Files (x86)\EWSoftware\Sandcastle Help File Builder\PresentationStyles\VS2013\icons\pubevent.gif -&gt; C:\Users\tk\Documents\Visual Studio 2013\Projects\OpenCvSharp 3.0\help\Help\Working\Output\Website\icons\pubevent.gif
C:\Program Files (x86)\EWSoftware\Sandcastle Help File Builder\PresentationStyles\VS2013\icons\pubextension.gif -&gt; C:\Users\tk\Documents\Visual Studio 2013\Projects\OpenCvSharp 3.0\help\Help\Working\Output\Website\icons\pubextension.gif
C:\Program Files (x86)\EWSoftware\Sandcastle Help File Builder\PresentationStyles\VS2013\icons\pubfield.gif -&gt; C:\Users\tk\Documents\Visual Studio 2013\Projects\OpenCvSharp 3.0\help\Help\Working\Output\Website\icons\pubfield.gif
C:\Program Files (x86)\EWSoftware\Sandcastle Help File Builder\PresentationStyles\VS2013\icons\pubinterface.gif -&gt; C:\Users\tk\Documents\Visual Studio 2013\Projects\OpenCvSharp 3.0\help\Help\Working\Output\Website\icons\pubinterface.gif
C:\Program Files (x86)\EWSoftware\Sandcastle Help File Builder\PresentationStyles\VS2013\icons\pubmethod.gif -&gt; C:\Users\tk\Documents\Visual Studio 2013\Projects\OpenCvSharp 3.0\help\Help\Working\Output\Website\icons\pubmethod.gif
C:\Program Files (x86)\EWSoftware\Sandcastle Help File Builder\PresentationStyles\VS2013\icons\puboperator.gif -&gt; C:\Users\tk\Documents\Visual Studio 2013\Projects\OpenCvSharp 3.0\help\Help\Working\Output\Website\icons\puboperator.gif
C:\Program Files (x86)\EWSoftware\Sandcastle Help File Builder\PresentationStyles\VS2013\icons\pubproperty.gif -&gt; C:\Users\tk\Documents\Visual Studio 2013\Projects\OpenCvSharp 3.0\help\Help\Working\Output\Website\icons\pubproperty.gif
C:\Program Files (x86)\EWSoftware\Sandcastle Help File Builder\PresentationStyles\VS2013\icons\pubstructure.gif -&gt; C:\Users\tk\Documents\Visual Studio 2013\Projects\OpenCvSharp 3.0\help\Help\Working\Output\Website\icons\pubstructure.gif
C:\Program Files (x86)\EWSoftware\Sandcastle Help File Builder\PresentationStyles\VS2013\icons\SectionCollapsed.png -&gt; C:\Users\tk\Documents\Visual Studio 2013\Projects\OpenCvSharp 3.0\help\Help\Working\Output\Website\icons\SectionCollapsed.png
C:\Program Files (x86)\EWSoftware\Sandcastle Help File Builder\PresentationStyles\VS2013\icons\SectionExpanded.png -&gt; C:\Users\tk\Documents\Visual Studio 2013\Projects\OpenCvSharp 3.0\help\Help\Working\Output\Website\icons\SectionExpanded.png
C:\Program Files (x86)\EWSoftware\Sandcastle Help File Builder\PresentationStyles\VS2013\icons\slMobile.gif -&gt; C:\Users\tk\Documents\Visual Studio 2013\Projects\OpenCvSharp 3.0\help\Help\Working\Output\Website\icons\slMobile.gif
C:\Program Files (x86)\EWSoftware\Sandcastle Help File Builder\PresentationStyles\VS2013\icons\static.gif -&gt; C:\Users\tk\Documents\Visual Studio 2013\Projects\OpenCvSharp 3.0\help\Help\Working\Output\Website\icons\static.gif
C:\Program Files (x86)\EWSoftware\Sandcastle Help File Builder\PresentationStyles\VS2013\icons\xna.gif -&gt; C:\Users\tk\Documents\Visual Studio 2013\Projects\OpenCvSharp 3.0\help\Help\Working\Output\Website\icons\xna.gif
C:\Program Files (x86)\EWSoftware\Sandcastle Help File Builder\PresentationStyles\VS2013\scripts\branding.js -&gt; C:\Users\tk\Documents\Visual Studio 2013\Projects\OpenCvSharp 3.0\help\Help\Working\Output\Website\scripts\branding.js
C:\Program Files (x86)\EWSoftware\Sandcastle Help File Builder\PresentationStyles\VS2013\styles\branding-cs-CZ.css -&gt; C:\Users\tk\Documents\Visual Studio 2013\Projects\OpenCvSharp 3.0\help\Help\Working\Output\Website\styles\branding-cs-CZ.css
C:\Program Files (x86)\EWSoftware\Sandcastle Help File Builder\PresentationStyles\VS2013\styles\branding-de-DE.css -&gt; C:\Users\tk\Documents\Visual Studio 2013\Projects\OpenCvSharp 3.0\help\Help\Working\Output\Website\styles\branding-de-DE.css
C:\Program Files (x86)\EWSoftware\Sandcastle Help File Builder\PresentationStyles\VS2013\styles\branding-en-US.css -&gt; C:\Users\tk\Documents\Visual Studio 2013\Projects\OpenCvSharp 3.0\help\Help\Working\Output\Website\styles\branding-en-US.css
C:\Program Files (x86)\EWSoftware\Sandcastle Help File Builder\PresentationStyles\VS2013\styles\branding-es-ES.css -&gt; C:\Users\tk\Documents\Visual Studio 2013\Projects\OpenCvSharp 3.0\help\Help\Working\Output\Website\styles\branding-es-ES.css
C:\Program Files (x86)\EWSoftware\Sandcastle Help File Builder\PresentationStyles\VS2013\styles\branding-fr-FR.css -&gt; C:\Users\tk\Documents\Visual Studio 2013\Projects\OpenCvSharp 3.0\help\Help\Working\Output\Website\styles\branding-fr-FR.css
C:\Program Files (x86)\EWSoftware\Sandcastle Help File Builder\PresentationStyles\VS2013\styles\branding-Help1.css -&gt; C:\Users\tk\Documents\Visual Studio 2013\Projects\OpenCvSharp 3.0\help\Help\Working\Output\Website\styles\branding-Help1.css
C:\Program Files (x86)\EWSoftware\Sandcastle Help File Builder\PresentationStyles\VS2013\styles\branding-HelpViewer.css -&gt; C:\Users\tk\Documents\Visual Studio 2013\Projects\OpenCvSharp 3.0\help\Help\Working\Output\Website\styles\branding-HelpViewer.css
C:\Program Files (x86)\EWSoftware\Sandcastle Help File Builder\PresentationStyles\VS2013\styles\branding-it-IT.css -&gt; C:\Users\tk\Documents\Visual Studio 2013\Projects\OpenCvSharp 3.0\help\Help\Working\Output\Website\styles\branding-it-IT.css
C:\Program Files (x86)\EWSoftware\Sandcastle Help File Builder\PresentationStyles\VS2013\styles\branding-ja-JP.css -&gt; C:\Users\tk\Documents\Visual Studio 2013\Projects\OpenCvSharp 3.0\help\Help\Working\Output\Website\styles\branding-ja-JP.css
C:\Program Files (x86)\EWSoftware\Sandcastle Help File Builder\PresentationStyles\VS2013\styles\branding-ko-KR.css -&gt; C:\Users\tk\Documents\Visual Studio 2013\Projects\OpenCvSharp 3.0\help\Help\Working\Output\Website\styles\branding-ko-KR.css
C:\Program Files (x86)\EWSoftware\Sandcastle Help File Builder\PresentationStyles\VS2013\styles\branding-pl-PL.css -&gt; C:\Users\tk\Documents\Visual Studio 2013\Projects\OpenCvSharp 3.0\help\Help\Working\Output\Website\styles\branding-pl-PL.css
C:\Program Files (x86)\EWSoftware\Sandcastle Help File Builder\PresentationStyles\VS2013\styles\branding-pt-BR.css -&gt; C:\Users\tk\Documents\Visual Studio 2013\Projects\OpenCvSharp 3.0\help\Help\Working\Output\Website\styles\branding-pt-BR.css
C:\Program Files (x86)\EWSoftware\Sandcastle Help File Builder\PresentationStyles\VS2013\styles\branding-ru-RU.css -&gt; C:\Users\tk\Documents\Visual Studio 2013\Projects\OpenCvSharp 3.0\help\Help\Working\Output\Website\styles\branding-ru-RU.css
C:\Program Files (x86)\EWSoftware\Sandcastle Help File Builder\PresentationStyles\VS2013\styles\branding-tr-TR.css -&gt; C:\Users\tk\Documents\Visual Studio 2013\Projects\OpenCvSharp 3.0\help\Help\Working\Output\Website\styles\branding-tr-TR.css
C:\Program Files (x86)\EWSoftware\Sandcastle Help File Builder\PresentationStyles\VS2013\styles\branding-Website.css -&gt; C:\Users\tk\Documents\Visual Studio 2013\Projects\OpenCvSharp 3.0\help\Help\Working\Output\Website\styles\branding-Website.css
C:\Program Files (x86)\EWSoftware\Sandcastle Help File Builder\PresentationStyles\VS2013\styles\branding-zh-CN.css -&gt; C:\Users\tk\Documents\Visual Studio 2013\Projects\OpenCvSharp 3.0\help\Help\Working\Output\Website\styles\branding-zh-CN.css
C:\Program Files (x86)\EWSoftware\Sandcastle Help File Builder\PresentationStyles\VS2013\styles\branding-zh-TW.css -&gt; C:\Users\tk\Documents\Visual Studio 2013\Projects\OpenCvSharp 3.0\help\Help\Working\Output\Website\styles\branding-zh-TW.css
C:\Program Files (x86)\EWSoftware\Sandcastle Help File Builder\PresentationStyles\VS2013\styles\branding.css -&gt; C:\Users\tk\Documents\Visual Studio 2013\Projects\OpenCvSharp 3.0\help\Help\Working\Output\Website\styles\branding.css
C:\Program Files (x86)\EWSoftware\Sandcastle Help File Builder\PresentationStyles\VS2013\Web\index.html -&gt; C:\Users\tk\Documents\Visual Studio 2013\Projects\OpenCvSharp 3.0\help\Help\Working\Output\Website\index.html
C:\Program Files (x86)\EWSoftware\Sandcastle Help File Builder\PresentationStyles\VS2013\Web\search.html -&gt; C:\Users\tk\Documents\Visual Studio 2013\Projects\OpenCvSharp 3.0\help\Help\Working\Output\Website\search.html
C:\Program Files (x86)\EWSoftware\Sandcastle Help File Builder\PresentationStyles\VS2013\Web\SearchHelp.aspx -&gt; C:\Users\tk\Documents\Visual Studio 2013\Projects\OpenCvSharp 3.0\help\Help\Working\Output\Website\SearchHelp.aspx
C:\Program Files (x86)\EWSoftware\Sandcastle Help File Builder\PresentationStyles\VS2013\Web\SearchHelp.inc.php -&gt; C:\Users\tk\Documents\Visual Studio 2013\Projects\OpenCvSharp 3.0\help\Help\Working\Output\Website\SearchHelp.inc.php
C:\Program Files (x86)\EWSoftware\Sandcastle Help File Builder\PresentationStyles\VS2013\Web\SearchHelp.php -&gt; C:\Users\tk\Documents\Visual Studio 2013\Projects\OpenCvSharp 3.0\help\Help\Working\Output\Website\SearchHelp.php
C:\Program Files (x86)\EWSoftware\Sandcastle Help File Builder\PresentationStyles\VS2013\Web\Web.Config -&gt; C:\Users\tk\Documents\Visual Studio 2013\Projects\OpenCvSharp 3.0\help\Help\Working\Output\Website\Web.Config
C:\Program Files (x86)\EWSoftware\Sandcastle Help File Builder\PresentationStyles\VS2013\Web\icons\Search.png -&gt; C:\Users\tk\Documents\Visual Studio 2013\Projects\OpenCvSharp 3.0\help\Help\Working\Output\Website\icons\Search.png
C:\Program Files (x86)\EWSoftware\Sandcastle Help File Builder\PresentationStyles\VS2013\Web\icons\TocClose.gif -&gt; C:\Users\tk\Documents\Visual Studio 2013\Projects\OpenCvSharp 3.0\help\Help\Working\Output\Website\icons\TocClose.gif
C:\Program Files (x86)\EWSoftware\Sandcastle Help File Builder\PresentationStyles\VS2013\Web\icons\TocCollapsed.gif -&gt; C:\Users\tk\Documents\Visual Studio 2013\Projects\OpenCvSharp 3.0\help\Help\Working\Output\Website\icons\TocCollapsed.gif
C:\Program Files (x86)\EWSoftware\Sandcastle Help File Builder\PresentationStyles\VS2013\Web\icons\TocExpanded.gif -&gt; C:\Users\tk\Documents\Visual Studio 2013\Projects\OpenCvSharp 3.0\help\Help\Working\Output\Website\icons\TocExpanded.gif
C:\Program Files (x86)\EWSoftware\Sandcastle Help File Builder\PresentationStyles\VS2013\Web\icons\TocOpen.gif -&gt; C:\Users\tk\Documents\Visual Studio 2013\Projects\OpenCvSharp 3.0\help\Help\Working\Output\Website\icons\TocOpen.gif
C:\Program Files (x86)\EWSoftware\Sandcastle Help File Builder\PresentationStyles\VS2013\Web\scripts\branding-Website.js -&gt; C:\Users\tk\Documents\Visual Studio 2013\Projects\OpenCvSharp 3.0\help\Help\Working\Output\Website\scripts\branding-Website.js
C:\Program Files (x86)\EWSoftware\Sandcastle Help File Builder\PresentationStyles\VS2013\Web\scripts\jquery-1.11.0.min.js -&gt; C:\Users\tk\Documents\Visual Studio 2013\Projects\OpenCvSharp 3.0\help\Help\Working\Output\Website\scripts\jquery-1.11.0.min.js
    Last step completed in 00:00:00.2145
</buildStep>
<buildStep step="GenerateHelpFormatTableOfContents">
Generating HTML Help 1 table of contents file...
    Last step completed in 00:00:00.0000
</buildStep>
<buildStep step="GenerateHelpFileIndex">
Generating HTML Help 1 index file...
    Last step completed in 00:00:00.0000
</buildStep>
<buildStep step="GenerateHelpProject">
Generating HTML Help 1 project file...
    Last step completed in 00:00:00.0610
</buildStep>
<buildStep step="CompilingHelpFile">
Compiling HTML Help 1 file...
[C:\Windows\Microsoft.NET\Framework64\v4.0.30319\MSBuild.exe - Build1xHelpFile.proj]
  Microsoft HTML Help Compiler 4.74.8702
  
  
  
  Compiling c:\Users\tk\Documents\Visual Studio 2013\Projects\OpenCvSharp 3.0\help\Help\Working\Output\HtmlHelp1\Documentation.chm
  
  
  
  
  
  Compile time: 0 minutes, 43 seconds
  
  7,867	Topics
  
  125,658	Local links
  
  23,605	Internet links
  
  0	Graphics
  
  
  
  
  
  Created c:\Users\tk\Documents\Visual Studio 2013\Projects\OpenCvSharp 3.0\help\Help\Working\Output\HtmlHelp1\Documentation.chm, 10,949,659 bytes
  
  Compression decreased file by 70,761,097 bytes.
  
    Last step completed in 00:00:44.2593
</buildStep>
<buildStep step="GenerateHelpFormatTableOfContents">
Generating website table of contents file...
    Last step completed in 00:00:00.0010
</buildStep>
<buildStep step="GenerateFullTextIndex">
Generating full-text index for the website...

<plugIn name="Lightweight Website Style" behavior="After" priority="1000">
Adding lightweight search and TOC elements to each topic...
</plugIn>    Last step completed in 00:02:07.6231
</buildStep>
<buildStep step="CopyingWebsiteFiles">
Copying website files to output folder...

Copied 500 files
Copied 1000 files
Copied 1500 files
Copied 2000 files
Copied 2500 files
Copied 3000 files
Copied 3500 files
Copied 4000 files
Copied 4500 files
Copied 5000 files
Copied 5500 files
Copied 6000 files
Copied 6500 files
Copied 7000 files
Copied 7500 files
Copied 8000 files
Copied 8500 files
Copied 9000 files
Copied 9335 files for the website content
    Last step completed in 00:00:19.7694
</buildStep>
<buildStep step="CleanIntermediates">
Removing intermediate files...
    Last step completed in 00:00:06.1805
</buildStep>
<buildStep step="Completed">

Build completed successfully at 2015/12/20 22:06:50.  Total time: 00:16:23.9305

</buildStep>
</shfbBuild>
